2014-08-20 13:17:08.638 tabsApp[64160:70b] Multi-tasking -> Device: YES, App: YES
2014-08-20 13:17:08.679 tabsApp[64160:70b] Unlimited access to network resources
2014-08-20 13:17:10.295 tabsApp[64160:70b] [CDVTimer][keyboard] 0.168979ms
2014-08-20 13:17:10.296 tabsApp[64160:70b] CDVPlugin class CDVStatusBar (pluginName: statusbar) does not exist.
2014-08-20 13:17:10.297 tabsApp[64160:70b] [CDVTimer][statusbar] 1.006007ms
2014-08-20 13:17:10.298 tabsApp[64160:70b] [CDVTimer][TotalPluginStartup] 3.229022ms
2014-08-20 13:17:10.549 tabsApp[64160:70b] Resetting plugins due to page load.
2014-08-20 13:17:11.386 tabsApp[64160:70b] Finished load of: file:///Users/fiallega/Library/Application%20Support/iPhone%20Simulator/7.1/Applications/F4C630A0-DBA5-4921-B4FC-3156FC78D63B/tabsApp.app/www/index.html#/tab/dash
2014-08-20 13:25:38.666 tabsApp[64160:70b] Received memory warning.
2014-08-20 13:45:30.528 tabsApp[64481:70b] Multi-tasking -> Device: YES, App: YES
2014-08-20 13:45:30.535 tabsApp[64481:70b] Unlimited access to network resources
2014-08-20 13:45:30.552 tabsApp[64481:70b] [CDVTimer][keyboard] 0.068009ms
2014-08-20 13:45:30.553 tabsApp[64481:70b] CDVPlugin class CDVStatusBar (pluginName: statusbar) does not exist.
2014-08-20 13:45:30.553 tabsApp[64481:70b] [CDVTimer][statusbar] 0.245035ms
2014-08-20 13:45:30.553 tabsApp[64481:70b] [CDVTimer][TotalPluginStartup] 0.818014ms
2014-08-20 13:45:30.589 tabsApp[64481:70b] Resetting plugins due to page load.
2014-08-20 13:45:30.711 tabsApp[64481:70b] Finished load of: file:///Users/fiallega/Library/Application%20Support/iPhone%20Simulator/7.1/Applications/F4C630A0-DBA5-4921-B4FC-3156FC78D63B/tabsApp.app/www/index.html#/tab/dash
2014-08-20 18:06:48.997 tabsApp[65708:70b] Multi-tasking -> Device: YES, App: YES
2014-08-20 18:06:49.008 tabsApp[65708:70b] Unlimited access to network resources
2014-08-20 18:06:49.035 tabsApp[65708:70b] [CDVTimer][keyboard] 0.105023ms
2014-08-20 18:06:49.036 tabsApp[65708:70b] CDVPlugin class CDVStatusBar (pluginName: statusbar) does not exist.
2014-08-20 18:06:49.037 tabsApp[65708:70b] [CDVTimer][statusbar] 0.599980ms
2014-08-20 18:06:49.037 tabsApp[65708:70b] [CDVTimer][TotalPluginStartup] 2.009034ms
2014-08-20 18:06:49.166 tabsApp[65708:70b] Resetting plugins due to page load.
2014-08-20 18:06:49.431 tabsApp[65708:70b] Finished load of: file:///Users/fiallega/Library/Application%20Support/iPhone%20Simulator/7.1/Applications/F4C630A0-DBA5-4921-B4FC-3156FC78D63B/tabsApp.app/www/index.html#/tab/dash
2014-08-20 20:11:36.992 tabsApp[66198:70b] Multi-tasking -> Device: YES, App: YES
2014-08-20 20:11:37.003 tabsApp[66198:70b] Unlimited access to network resources
2014-08-20 20:11:38.202 tabsApp[66198:70b] [CDVTimer][keyboard] 0.091970ms
2014-08-20 20:11:38.202 tabsApp[66198:70b] CDVPlugin class CDVStatusBar (pluginName: statusbar) does not exist.
2014-08-20 20:11:38.203 tabsApp[66198:70b] [CDVTimer][statusbar] 0.575006ms
2014-08-20 20:11:38.203 tabsApp[66198:70b] [CDVTimer][TotalPluginStartup] 1.899958ms
2014-08-20 20:11:38.350 tabsApp[66198:70b] Resetting plugins due to page load.
2014-08-20 20:11:38.667 tabsApp[66198:70b] Finished load of: file:///Users/fiallega/Library/Application%20Support/iPhone%20Simulator/7.1/Applications/F4C630A0-DBA5-4921-B4FC-3156FC78D63B/tabsApp.app/www/index.html#/tab/dash
2014-08-20 21:39:33.983 tabsApp[67363:70b] Multi-tasking -> Device: YES, App: YES
2014-08-20 21:39:33.991 tabsApp[67363:70b] Unlimited access to network resources
2014-08-20 21:39:34.029 tabsApp[67363:70b] [CDVTimer][keyboard] 0.072002ms
2014-08-20 21:39:34.029 tabsApp[67363:70b] CDVPlugin class CDVStatusBar (pluginName: statusbar) does not exist.
2014-08-20 21:39:34.030 tabsApp[67363:70b] [CDVTimer][statusbar] 0.431955ms
2014-08-20 21:39:34.030 tabsApp[67363:70b] [CDVTimer][TotalPluginStartup] 1.447976ms
2014-08-20 21:39:34.573 tabsApp[67363:70b] Resetting plugins due to page load.
2014-08-20 21:39:35.019 tabsApp[67363:70b] Finished load of: file:///Users/fiallega/Library/Application%20Support/iPhone%20Simulator/7.1/Applications/F4C630A0-DBA5-4921-B4FC-3156FC78D63B/tabsApp.app/www/index.html#/tab/dash
2014-08-20 21:40:38.000 tabsApp[67803:70b] Multi-tasking -> Device: YES, App: YES
2014-08-20 21:40:38.007 tabsApp[67803:70b] Unlimited access to network resources
2014-08-20 21:40:38.118 tabsApp[67803:70b] [CDVTimer][keyboard] 0.069022ms
2014-08-20 21:40:38.119 tabsApp[67803:70b] CDVPlugin class CDVStatusBar (pluginName: statusbar) does not exist.
2014-08-20 21:40:38.119 tabsApp[67803:70b] [CDVTimer][statusbar] 0.500977ms
2014-08-20 21:40:38.120 tabsApp[67803:70b] [CDVTimer][TotalPluginStartup] 1.507998ms
2014-08-20 21:40:38.234 tabsApp[67803:70b] Resetting plugins due to page load.
2014-08-20 21:40:39.023 tabsApp[67803:70b] Finished load of: file:///Users/fiallega/Library/Application%20Support/iPhone%20Simulator/7.1/Applications/F4C630A0-DBA5-4921-B4FC-3156FC78D63B/tabsApp.app/www/index.html#/tab/dash
2014-08-20 21:47:44.385 tabsApp[68258:70b] Multi-tasking -> Device: YES, App: YES
2014-08-20 21:47:44.392 tabsApp[68258:70b] Unlimited access to network resources
2014-08-20 21:47:44.730 tabsApp[68258:70b] [CDVTimer][keyboard] 0.115991ms
2014-08-20 21:47:44.731 tabsApp[68258:70b] CDVPlugin class CDVStatusBar (pluginName: statusbar) does not exist.
2014-08-20 21:47:44.731 tabsApp[68258:70b] [CDVTimer][statusbar] 0.555038ms
2014-08-20 21:47:44.732 tabsApp[68258:70b] [CDVTimer][TotalPluginStartup] 1.864970ms
2014-08-20 21:47:44.846 tabsApp[68258:70b] Resetting plugins due to page load.
2014-08-20 21:47:45.331 tabsApp[68258:70b] Finished load of: file:///Users/fiallega/Library/Application%20Support/iPhone%20Simulator/7.1/Applications/F4C630A0-DBA5-4921-B4FC-3156FC78D63B/tabsApp.app/www/index.html#/tab/dash
